<?xml version="1.0" encoding="UTF-8"?>
<testsuites name="TS_RegressionTestCollection_With TestOps Vision" time="130.817" tests="4" failures="0" errors="0">
   <testsuite name="TS_RegressionTest_With TestOps Vision" tests="2" failures="0" errors="0" time="52.67" skipped="0" timestamp="2022-04-07 16:54:51" hostname="hoang.ho - 10.10.33.159" id="Test Suites/TS_RegressionTest_With TestOps Vision">
      <properties>
         <property name="deviceName" value=""/>
         <property name="devicePlatform" value=""/>
         <property name="logFolder" value="/Users/hoang.ho/Documents/Katalon/Test/VS/Test vs/Reports/20220407_165331/TS_RegressionTest_With TestOps Vision/20220407_165343"/>
         <property name="logFiles" value="/Users/hoang.ho/Documents/Katalon/Test/VS/Test vs/Reports/20220407_165331/TS_RegressionTest_With TestOps Vision/20220407_165343/execution0.log"/>
         <property name="attachments" value="keyes/keyes-Login Dialog Origin.png, keyes/keyes-Login Dialog With Data.png, keyes/keyes-Appointment Dialog Origin.png, keyes/keyes-Facilty.png, keyes/keyes-Medicare.png, keyes/keyes-Visit Date.png, keyes/keyes-Appointment Dialog With Data.png, keyes/keyes-Review Appoitment.png"/>
         <property name="hostName" value="hoang.ho - 10.10.33.159"/>
         <property name="os" value="Mac OS X 64bit"/>
         <property name="katalonVersion" value="8.0.5.208"/>
         <property name="browser" value="Chrome 100.0.4896.75"/>
         <property name="hostAddress" value="10.10.33.159"/>
         <property name="sessionId" value="cccad78a850539d60b506de09eeacf4f"/>
         <property name="seleniumVersion" value="3.141.59"/>
         <property name="proxyInformation" value="ProxyInformation { proxyOption=NO_PROXY, proxyServerType=HTTP, username=, password=********, proxyServerAddress=, proxyServerPort=0, executionList=&quot;&quot;, isApplyToDesiredCapabilities=true }"/>
         <property name="platform" value="Mac OS X"/>
      </properties>
      <testcase name="Test Cases/Main Test Cases/TC1_Verify Successful Login_With TestOps Vision" time="19.957" classname="Test Cases/Main Test Cases/TC1_Verify Successful Login_With TestOps Vision" status="PASSED">
         <system-out><![CDATA[2022-04-07 16:54:51 - [TEST_CASE][PASSED] - Test Cases/Main Test Cases/TC1_Verify Successful Login_With TestOps Vision: Test Cases/Main Test Cases/TC1_Verify Successful Login_With TestOps Vision

2022-04-07 16:54:52 - [TEST_STEP][PASSED] - comment("Story: Login to CURA system"): Story: Login to CURA system

2022-04-07 16:54:52 - [MESSAGE][INFO] - Story: Login to CURA system

2022-04-07 16:54:52 - [TEST_STEP][PASSED] - comment("Given that the user has the valid login information"): Given that the user has the valid login information

2022-04-07 16:54:52 - [MESSAGE][INFO] - Given that the user has the valid login information

2022-04-07 16:54:52 - [TEST_STEP][PASSED] - openBrowser(G_SiteURL): Browser is opened with url: 'http://demoaut.katalon.com'

2022-04-07 16:54:53 - [MESSAGE][INFO] - Starting 'Chrome' driver

2022-04-07 16:54:53 - [MESSAGE][INFO] - Action delay is set to 0 milliseconds

2022-04-07 16:55:01 - [MESSAGE][PASSED] - Browser is opened with url: 'http://demoaut.katalon.com'

2022-04-07 16:55:01 - [TEST_STEP][PASSED] - maximizeWindow(): Current window maximized

2022-04-07 16:55:02 - [MESSAGE][PASSED] - Current window maximized

2022-04-07 16:55:02 - [TEST_STEP][PASSED] - click(findTestObject("Page_CuraHomepage/btn_MakeAppointment")): Object: 'Object Repository/Page_CuraHomepage/btn_MakeAppointment' is clicked on

2022-04-07 16:55:03 - [MESSAGE][PASSED] - Object: 'Object Repository/Page_CuraHomepage/btn_MakeAppointment' is clicked on

2022-04-07 16:55:03 - [TEST_STEP][PASSED] - takeElementScreenshotAsCheckpoint("Login Dialog Origin", LoginObject): Taking screenshot successfully

2022-04-07 16:55:03 - [MESSAGE][WARNING] - Timeout '0' is invalid. Using default page load timeout: '30'

2022-04-07 16:55:03 - [MESSAGE][INFO] - 0 hidden object(s)

2022-04-07 16:55:04 - [MESSAGE][PASSED] - Taking screenshot successfully
[[ATTACHMENT|keyes/keyes-Login Dialog Origin.png]]

2022-04-07 16:55:04 - [TEST_STEP][PASSED] - setText(findTestObject("Page_Login/txt_UserName"), Username): Text 'John Doe' is set on object 'Object Repository/Page_Login/txt_UserName'

2022-04-07 16:55:05 - [MESSAGE][PASSED] - Text 'John Doe' is set on object 'Object Repository/Page_Login/txt_UserName'

2022-04-07 16:55:05 - [TEST_STEP][PASSED] - setText(findTestObject("Page_Login/txt_Password"), Password): Text 'ThisIsNotAPassword' is set on object 'Object Repository/Page_Login/txt_Password'

2022-04-07 16:55:05 - [MESSAGE][PASSED] - Text 'ThisIsNotAPassword' is set on object 'Object Repository/Page_Login/txt_Password'

2022-04-07 16:55:05 - [TEST_STEP][PASSED] - takeElementScreenshotAsCheckpoint("Login Dialog With Data", LoginObject): Taking screenshot successfully

2022-04-07 16:55:05 - [MESSAGE][WARNING] - Timeout '0' is invalid. Using default page load timeout: '30'

2022-04-07 16:55:06 - [MESSAGE][INFO] - 0 hidden object(s)

2022-04-07 16:55:06 - [MESSAGE][PASSED] - Taking screenshot successfully
[[ATTACHMENT|keyes/keyes-Login Dialog With Data.png]]

2022-04-07 16:55:06 - [TEST_STEP][PASSED] - comment("When he logins to CURA system"): When he logins to CURA system

2022-04-07 16:55:06 - [MESSAGE][INFO] - When he logins to CURA system

2022-04-07 16:55:06 - [TEST_STEP][PASSED] - click(findTestObject("Page_Login/btn_Login")): Object: 'Object Repository/Page_Login/btn_Login' is clicked on

2022-04-07 16:55:08 - [MESSAGE][PASSED] - Object: 'Object Repository/Page_Login/btn_Login' is clicked on

2022-04-07 16:55:08 - [TEST_STEP][PASSED] - comment("Then he should be able to login successfully"): Then he should be able to login successfully

2022-04-07 16:55:08 - [MESSAGE][INFO] - Then he should be able to login successfully

2022-04-07 16:55:08 - [TEST_STEP][PASSED] - landingPage = verifyElementPresent(findTestObject("Page_CuraAppointment/div_Appointment"), G_Timeout): Object 'Object Repository/Page_CuraAppointment/div_Appointment' is present

2022-04-07 16:55:08 - [MESSAGE][PASSED] - Object 'Object Repository/Page_CuraAppointment/div_Appointment' is present

2022-04-07 16:55:08 - [TEST_STEP][PASSED] - closeBrowser(): Browser is closed

2022-04-07 16:55:09 - [MESSAGE][PASSED] - Browser is closed

2022-04-07 16:55:09 - [TEST_STEP][PASSED] - Start listener action : terminateRunningWebDrivers: null

2022-04-07 16:55:09 - [TEST_STEP][PASSED] - cleanup(): null

2022-04-07 16:55:11 - [TEST_STEP][PASSED] - Video: Video recording for test case 'Test Cases/Main Test Cases/TC1_Verify Successful Login_With TestOps Vision' .

2022-04-07 16:55:11 - [MESSAGE][INFO] - Video recording for test case 'Test Cases/Main Test Cases/TC1_Verify Successful Login_With TestOps Vision' .]]></system-out>
         <system-err><![CDATA[]]></system-err>
      </testcase>
      <testcase name="Test Cases/Main Test Cases/TC2_Verify Successful Appointment_With TestOps Vision" time="30.879" classname="Test Cases/Main Test Cases/TC2_Verify Successful Appointment_With TestOps Vision" status="PASSED">
         <system-out><![CDATA[2022-04-07 16:55:11 - [TEST_CASE][PASSED] - Test Cases/Main Test Cases/TC2_Verify Successful Appointment_With TestOps Vision: Test Cases/Main Test Cases/TC2_Verify Successful Appointment_With TestOps Vision

2022-04-07 16:55:12 - [TEST_STEP][PASSED] - comment("Story: Book an appointment"): Story: Book an appointment

2022-04-07 16:55:12 - [MESSAGE][INFO] - Story: Book an appointment

2022-04-07 16:55:12 - [TEST_STEP][PASSED] - comment("Given that the user has logged into their account"): Given that the user has logged into their account

2022-04-07 16:55:12 - [MESSAGE][INFO] - Given that the user has logged into their account

2022-04-07 16:55:12 - [TEST_STEP][PASSED] - openBrowser(G_SiteURL): Browser is opened with url: 'http://demoaut.katalon.com'

2022-04-07 16:55:12 - [MESSAGE][INFO] - Starting 'Chrome' driver

2022-04-07 16:55:12 - [MESSAGE][INFO] - Action delay is set to 0 milliseconds

2022-04-07 16:55:19 - [MESSAGE][PASSED] - Browser is opened with url: 'http://demoaut.katalon.com'

2022-04-07 16:55:19 - [TEST_STEP][PASSED] - maximizeWindow(): Current window maximized

2022-04-07 16:55:19 - [MESSAGE][PASSED] - Current window maximized

2022-04-07 16:55:19 - [TEST_STEP][PASSED] - callTestCase(findTestCase("Common Test Cases/Login"), ["Username":"John Doe", "Password":"ThisIsNotAPassword"], STOP_ON_FAILURE): Call Test Case 'Test Cases/Common Test Cases/Login' successfully

2022-04-07 16:55:19 - [TEST_CASE][PASSED] - Test Cases/Common Test Cases/Login: Test Cases/Common Test Cases/Login

2022-04-07 16:55:20 - [TEST_STEP][PASSED] - click(findTestObject("Page_CuraHomepage/btn_MakeAppointment")): Object: 'Object Repository/Page_CuraHomepage/btn_MakeAppointment' is clicked on

2022-04-07 16:55:21 - [MESSAGE][PASSED] - Object: 'Object Repository/Page_CuraHomepage/btn_MakeAppointment' is clicked on

2022-04-07 16:55:21 - [TEST_STEP][PASSED] - setText(findTestObject("Page_Login/txt_UserName"), Username): Text 'John Doe' is set on object 'Object Repository/Page_Login/txt_UserName'

2022-04-07 16:55:22 - [MESSAGE][PASSED] - Text 'John Doe' is set on object 'Object Repository/Page_Login/txt_UserName'

2022-04-07 16:55:22 - [TEST_STEP][PASSED] - setText(findTestObject("Page_Login/txt_Password"), Password): Text 'ThisIsNotAPassword' is set on object 'Object Repository/Page_Login/txt_Password'

2022-04-07 16:55:22 - [MESSAGE][PASSED] - Text 'ThisIsNotAPassword' is set on object 'Object Repository/Page_Login/txt_Password'

2022-04-07 16:55:22 - [TEST_STEP][PASSED] - click(findTestObject("Page_Login/btn_Login")): Object: 'Object Repository/Page_Login/btn_Login' is clicked on

2022-04-07 16:55:23 - [MESSAGE][PASSED] - Object: 'Object Repository/Page_Login/btn_Login' is clicked on

2022-04-07 16:55:23 - [TEST_STEP][PASSED] - landingPage = verifyElementPresent(findTestObject("Page_CuraAppointment/div_Appointment"), G_Timeout): Object 'Object Repository/Page_CuraAppointment/div_Appointment' is present

2022-04-07 16:55:24 - [MESSAGE][PASSED] - Object 'Object Repository/Page_CuraAppointment/div_Appointment' is present

2022-04-07 16:55:24 - [MESSAGE][PASSED] - Call Test Case 'Test Cases/Common Test Cases/Login' successfully

2022-04-07 16:55:24 - [TEST_STEP][PASSED] - comment("And Appointment page is displayed"): And Appointment page is displayed

2022-04-07 16:55:24 - [MESSAGE][INFO] - And Appointment page is displayed

2022-04-07 16:55:24 - [TEST_STEP][PASSED] - takeElementScreenshotAsCheckpoint("Appointment Dialog Origin", AppointmentDialogObject): Taking screenshot successfully

2022-04-07 16:55:24 - [MESSAGE][WARNING] - Timeout '0' is invalid. Using default page load timeout: '30'

2022-04-07 16:55:24 - [MESSAGE][INFO] - 0 hidden object(s)

2022-04-07 16:55:25 - [MESSAGE][PASSED] - Taking screenshot successfully
[[ATTACHMENT|keyes/keyes-Appointment Dialog Origin.png]]

2022-04-07 16:55:25 - [TEST_STEP][PASSED] - selectOptionByLabel(findTestObject("Page_CuraAppointment/lst_Facility"), "Hongkong CURA Healthcare Center", false): All options with label 'Hongkong CURA Healthcare Center' are selected in object 'Object Repository/Page_CuraAppointment/lst_Facility' 

2022-04-07 16:55:25 - [MESSAGE][PASSED] - All options with label 'Hongkong CURA Healthcare Center' are selected in object 'Object Repository/Page_CuraAppointment/lst_Facility' 

2022-04-07 16:55:25 - [TEST_STEP][PASSED] - takeElementScreenshotAsCheckpoint("Facilty", FacilityObject): Taking screenshot successfully

2022-04-07 16:55:25 - [MESSAGE][WARNING] - Timeout '0' is invalid. Using default page load timeout: '30'

2022-04-07 16:55:26 - [MESSAGE][INFO] - 0 hidden object(s)

2022-04-07 16:55:26 - [MESSAGE][PASSED] - Taking screenshot successfully
[[ATTACHMENT|keyes/keyes-Facilty.png]]

2022-04-07 16:55:26 - [TEST_STEP][PASSED] - check(findTestObject("Page_CuraAppointment/chk_Medicaid")): Object 'Object Repository/Page_CuraAppointment/chk_Medicaid' is checked

2022-04-07 16:55:26 - [MESSAGE][PASSED] - Object 'Object Repository/Page_CuraAppointment/chk_Medicaid' is checked

2022-04-07 16:55:26 - [TEST_STEP][PASSED] - takeElementScreenshotAsCheckpoint("Medicare", MedicareChoicesObject): Taking screenshot successfully

2022-04-07 16:55:26 - [MESSAGE][WARNING] - Timeout '0' is invalid. Using default page load timeout: '30'

2022-04-07 16:55:27 - [MESSAGE][INFO] - 0 hidden object(s)

2022-04-07 16:55:27 - [MESSAGE][PASSED] - Taking screenshot successfully
[[ATTACHMENT|keyes/keyes-Medicare.png]]

2022-04-07 16:55:27 - [TEST_STEP][PASSED] - check(findTestObject("Page_CuraAppointment/chk_Readmission")): Object 'Object Repository/Page_CuraAppointment/chk_Readmission' is checked

2022-04-07 16:55:27 - [MESSAGE][PASSED] - Object 'Object Repository/Page_CuraAppointment/chk_Readmission' is checked

2022-04-07 16:55:27 - [TEST_STEP][PASSED] - setText(findTestObject("Page_CuraAppointment/txt_VisitDate"), "27/12/2016"): Text '27/12/2016' is set on object 'Object Repository/Page_CuraAppointment/txt_VisitDate'

2022-04-07 16:55:28 - [MESSAGE][PASSED] - Text '27/12/2016' is set on object 'Object Repository/Page_CuraAppointment/txt_VisitDate'

2022-04-07 16:55:28 - [TEST_STEP][PASSED] - click(CommentLabelObject): Object: 'Object Repository/Vision_Common/Comment_Label' is clicked on

2022-04-07 16:55:29 - [MESSAGE][PASSED] - Object: 'Object Repository/Vision_Common/Comment_Label' is clicked on

2022-04-07 16:55:29 - [TEST_STEP][PASSED] - takeElementScreenshotAsCheckpoint("Visit Date", DateObject): Taking screenshot successfully

2022-04-07 16:55:29 - [MESSAGE][WARNING] - Timeout '0' is invalid. Using default page load timeout: '30'

2022-04-07 16:55:30 - [MESSAGE][INFO] - 0 hidden object(s)

2022-04-07 16:55:30 - [MESSAGE][PASSED] - Taking screenshot successfully
[[ATTACHMENT|keyes/keyes-Visit Date.png]]

2022-04-07 16:55:30 - [TEST_STEP][PASSED] - setText(findTestObject("Page_CuraAppointment/txt_Comment"), "Please make appointment as soon as possible."): Text 'Please make appointment as soon as possible.' is set on object 'Object Repository/Page_CuraAppointment/txt_Comment'

2022-04-07 16:55:31 - [MESSAGE][PASSED] - Text 'Please make appointment as soon as possible.' is set on object 'Object Repository/Page_CuraAppointment/txt_Comment'

2022-04-07 16:55:31 - [TEST_STEP][PASSED] - comment("When he fills in valid information in Appointment page"): When he fills in valid information in Appointment page

2022-04-07 16:55:31 - [MESSAGE][INFO] - When he fills in valid information in Appointment page

2022-04-07 16:55:31 - [TEST_STEP][PASSED] - takeElementScreenshotAsCheckpoint("Appointment Dialog With Data", AppointmentDialogObject): Taking screenshot successfully

2022-04-07 16:55:31 - [MESSAGE][WARNING] - Timeout '0' is invalid. Using default page load timeout: '30'

2022-04-07 16:55:31 - [MESSAGE][INFO] - 0 hidden object(s)

2022-04-07 16:55:32 - [MESSAGE][PASSED] - Taking screenshot successfully
[[ATTACHMENT|keyes/keyes-Appointment Dialog With Data.png]]

2022-04-07 16:55:32 - [TEST_STEP][PASSED] - click(findTestObject("Page_CuraAppointment/btn_BookAppointment")): Object: 'Object Repository/Page_CuraAppointment/btn_BookAppointment' is clicked on

2022-04-07 16:55:32 - [MESSAGE][PASSED] - Object: 'Object Repository/Page_CuraAppointment/btn_BookAppointment' is clicked on

2022-04-07 16:55:32 - [TEST_STEP][PASSED] - takeFullPageScreenshotAsCheckpoint("Review Appoitment"): Taking screenshot successfully

2022-04-07 16:55:35 - [MESSAGE][INFO] - 0 hidden object(s)

2022-04-07 16:55:36 - [MESSAGE][PASSED] - Taking screenshot successfully
[[ATTACHMENT|keyes/keyes-Review Appoitment.png]]

2022-04-07 16:55:36 - [TEST_STEP][PASSED] - verifyTextPresent("Appointment Confirmation", false): Text 'Appointment Confirmation' is present on page 

2022-04-07 16:55:37 - [MESSAGE][PASSED] - Text 'Appointment Confirmation' is present on page 

2022-04-07 16:55:37 - [TEST_STEP][PASSED] - comment("Then he should be able to book a new appointment"): Then he should be able to book a new appointment

2022-04-07 16:55:37 - [MESSAGE][INFO] - Then he should be able to book a new appointment

2022-04-07 16:55:37 - [TEST_STEP][PASSED] - verifyMatch("Hongkong CURA Healthcare Center", getText(findTestObject("Page_AppointmentConfirmation/lbl_Facility")), false): Actual text 'Hongkong CURA Healthcare Center' and expected text 'Hongkong CURA Healthcare Center' are matched 

2022-04-07 16:55:37 - [MESSAGE][PASSED] - Text of object 'Object Repository/Page_AppointmentConfirmation/lbl_Facility' is: 'Hongkong CURA Healthcare Center'

2022-04-07 16:55:37 - [MESSAGE][PASSED] - Actual text 'Hongkong CURA Healthcare Center' and expected text 'Hongkong CURA Healthcare Center' are matched 

2022-04-07 16:55:37 - [TEST_STEP][PASSED] - verifyMatch("Yes", getText(findTestObject("Page_AppointmentConfirmation/lbl_HospitalReadmission")), false): Actual text 'Yes' and expected text 'Yes' are matched 

2022-04-07 16:55:38 - [MESSAGE][PASSED] - Text of object 'Object Repository/Page_AppointmentConfirmation/lbl_HospitalReadmission' is: 'Yes'

2022-04-07 16:55:38 - [MESSAGE][PASSED] - Actual text 'Yes' and expected text 'Yes' are matched 

2022-04-07 16:55:38 - [TEST_STEP][PASSED] - verifyMatch("Medicaid", getText(findTestObject("Page_AppointmentConfirmation/lbl_Program")), false): Actual text 'Medicaid' and expected text 'Medicaid' are matched 

2022-04-07 16:55:38 - [MESSAGE][PASSED] - Text of object 'Object Repository/Page_AppointmentConfirmation/lbl_Program' is: 'Medicaid'

2022-04-07 16:55:38 - [MESSAGE][PASSED] - Actual text 'Medicaid' and expected text 'Medicaid' are matched 

2022-04-07 16:55:38 - [TEST_STEP][PASSED] - verifyMatch("27/12/2016", getText(findTestObject("Page_AppointmentConfirmation/lbl_VisitDate")), false): Actual text '27/12/2016' and expected text '27/12/2016' are matched 

2022-04-07 16:55:38 - [MESSAGE][PASSED] - Text of object 'Object Repository/Page_AppointmentConfirmation/lbl_VisitDate' is: '27/12/2016'

2022-04-07 16:55:38 - [MESSAGE][PASSED] - Actual text '27/12/2016' and expected text '27/12/2016' are matched 

2022-04-07 16:55:38 - [TEST_STEP][PASSED] - verifyMatch("Please make appointment as soon as possible.", getText(findTestObject("Page_AppointmentConfirmation/lbl_Comment")), false): Actual text 'Please make appointment as soon as possible.' and expected text 'Please make appointment as soon as possible.' are matched 

2022-04-07 16:55:39 - [MESSAGE][PASSED] - Text of object 'Object Repository/Page_AppointmentConfirmation/lbl_Comment' is: 'Please make appointment as soon as possible.'

2022-04-07 16:55:39 - [MESSAGE][PASSED] - Actual text 'Please make appointment as soon as possible.' and expected text 'Please make appointment as soon as possible.' are matched 

2022-04-07 16:55:39 - [TEST_STEP][PASSED] - closeBrowser(): Browser is closed

2022-04-07 16:55:40 - [MESSAGE][PASSED] - Browser is closed

2022-04-07 16:55:40 - [TEST_STEP][PASSED] - Start listener action : terminateRunningWebDrivers: null

2022-04-07 16:55:40 - [TEST_STEP][PASSED] - cleanup(): null

2022-04-07 16:55:42 - [TEST_STEP][PASSED] - Video: Video recording for test case 'Test Cases/Main Test Cases/TC2_Verify Successful Appointment_With TestOps Vision' .

2022-04-07 16:55:42 - [MESSAGE][INFO] - Video recording for test case 'Test Cases/Main Test Cases/TC2_Verify Successful Appointment_With TestOps Vision' .]]></system-out>
         <system-err><![CDATA[]]></system-err>
      </testcase>
      <system-out><![CDATA[2022-04-07 16:54:51 - [TEST_SUITE][PASSED] - TS_RegressionTest_With TestOps Vision: Test Cases/Main Test Cases/TC2_Verify Successful Appointment_With TestOps Vision]]></system-out>
      <system-err><![CDATA[]]></system-err>
   </testsuite>
   <testsuite name="TS_RegressionTest_With TestOps Vision" tests="2" failures="0" errors="0" time="52.85" skipped="0" timestamp="2022-04-07 16:56:00" hostname="hoang.ho - 10.10.33.159" id="Test Suites/TS_RegressionTest_With TestOps Vision">
      <properties>
         <property name="deviceName" value=""/>
         <property name="devicePlatform" value=""/>
         <property name="logFolder" value="/Users/hoang.ho/Documents/Katalon/Test/VS/Test vs/Reports/20220407_165331/TS_RegressionTest_With TestOps Vision/20220407_165421"/>
         <property name="logFiles" value="/Users/hoang.ho/Documents/Katalon/Test/VS/Test vs/Reports/20220407_165331/TS_RegressionTest_With TestOps Vision/20220407_165421/execution0.log"/>
         <property name="attachments" value="keyes/keyes-Login Dialog Origin.png, keyes/keyes-Login Dialog With Data.png, keyes/keyes-Appointment Dialog Origin.png, keyes/keyes-Facilty.png, keyes/keyes-Medicare.png, keyes/keyes-Visit Date.png, keyes/keyes-Appointment Dialog With Data.png, keyes/keyes-Review Appoitment.png"/>
         <property name="hostName" value="hoang.ho - 10.10.33.159"/>
         <property name="os" value="Mac OS X 64bit"/>
         <property name="katalonVersion" value="8.0.5.208"/>
         <property name="browser" value="Firefox 98.0"/>
         <property name="hostAddress" value="10.10.33.159"/>
         <property name="sessionId" value="4c3267a8-f644-4816-94b4-d68fb9b26072"/>
         <property name="seleniumVersion" value="3.141.59"/>
         <property name="proxyInformation" value="ProxyInformation { proxyOption=NO_PROXY, proxyServerType=HTTP, username=, password=********, proxyServerAddress=, proxyServerPort=0, executionList=&quot;&quot;, isApplyToDesiredCapabilities=true }"/>
         <property name="platform" value="Mac OS X"/>
      </properties>
      <testcase name="Test Cases/Main Test Cases/TC1_Verify Successful Login_With TestOps Vision" time="21.026" classname="Test Cases/Main Test Cases/TC1_Verify Successful Login_With TestOps Vision" status="PASSED">
         <system-out><![CDATA[2022-04-07 16:56:00 - [TEST_CASE][PASSED] - Test Cases/Main Test Cases/TC1_Verify Successful Login_With TestOps Vision: Test Cases/Main Test Cases/TC1_Verify Successful Login_With TestOps Vision

2022-04-07 16:56:01 - [TEST_STEP][PASSED] - comment("Story: Login to CURA system"): Story: Login to CURA system

2022-04-07 16:56:02 - [MESSAGE][INFO] - Story: Login to CURA system

2022-04-07 16:56:02 - [TEST_STEP][PASSED] - comment("Given that the user has the valid login information"): Given that the user has the valid login information

2022-04-07 16:56:02 - [MESSAGE][INFO] - Given that the user has the valid login information

2022-04-07 16:56:02 - [TEST_STEP][PASSED] - openBrowser(G_SiteURL): Browser is opened with url: 'http://demoaut.katalon.com'

2022-04-07 16:56:02 - [MESSAGE][INFO] - Starting 'Firefox' driver

2022-04-07 16:56:02 - [MESSAGE][INFO] - Action delay is set to 0 milliseconds

2022-04-07 16:56:13 - [MESSAGE][PASSED] - Browser is opened with url: 'http://demoaut.katalon.com'

2022-04-07 16:56:13 - [TEST_STEP][PASSED] - maximizeWindow(): Current window maximized

2022-04-07 16:56:13 - [MESSAGE][PASSED] - Current window maximized

2022-04-07 16:56:13 - [TEST_STEP][PASSED] - click(findTestObject("Page_CuraHomepage/btn_MakeAppointment")): Object: 'Object Repository/Page_CuraHomepage/btn_MakeAppointment' is clicked on

2022-04-07 16:56:15 - [MESSAGE][PASSED] - Object: 'Object Repository/Page_CuraHomepage/btn_MakeAppointment' is clicked on

2022-04-07 16:56:15 - [TEST_STEP][PASSED] - takeElementScreenshotAsCheckpoint("Login Dialog Origin", LoginObject): Taking screenshot successfully

2022-04-07 16:56:15 - [MESSAGE][WARNING] - Timeout '0' is invalid. Using default page load timeout: '30'

2022-04-07 16:56:15 - [MESSAGE][INFO] - 0 hidden object(s)

2022-04-07 16:56:15 - [MESSAGE][PASSED] - Taking screenshot successfully
[[ATTACHMENT|keyes/keyes-Login Dialog Origin.png]]

2022-04-07 16:56:15 - [TEST_STEP][PASSED] - setText(findTestObject("Page_Login/txt_UserName"), Username): Text 'John Doe' is set on object 'Object Repository/Page_Login/txt_UserName'

2022-04-07 16:56:16 - [MESSAGE][PASSED] - Text 'John Doe' is set on object 'Object Repository/Page_Login/txt_UserName'

2022-04-07 16:56:16 - [TEST_STEP][PASSED] - setText(findTestObject("Page_Login/txt_Password"), Password): Text 'ThisIsNotAPassword' is set on object 'Object Repository/Page_Login/txt_Password'

2022-04-07 16:56:16 - [MESSAGE][PASSED] - Text 'ThisIsNotAPassword' is set on object 'Object Repository/Page_Login/txt_Password'

2022-04-07 16:56:16 - [TEST_STEP][PASSED] - takeElementScreenshotAsCheckpoint("Login Dialog With Data", LoginObject): Taking screenshot successfully

2022-04-07 16:56:16 - [MESSAGE][WARNING] - Timeout '0' is invalid. Using default page load timeout: '30'

2022-04-07 16:56:17 - [MESSAGE][INFO] - 0 hidden object(s)

2022-04-07 16:56:17 - [MESSAGE][PASSED] - Taking screenshot successfully
[[ATTACHMENT|keyes/keyes-Login Dialog With Data.png]]

2022-04-07 16:56:17 - [TEST_STEP][PASSED] - comment("When he logins to CURA system"): When he logins to CURA system

2022-04-07 16:56:17 - [MESSAGE][INFO] - When he logins to CURA system

2022-04-07 16:56:17 - [TEST_STEP][PASSED] - click(findTestObject("Page_Login/btn_Login")): Object: 'Object Repository/Page_Login/btn_Login' is clicked on

2022-04-07 16:56:18 - [MESSAGE][PASSED] - Object: 'Object Repository/Page_Login/btn_Login' is clicked on

2022-04-07 16:56:18 - [TEST_STEP][PASSED] - comment("Then he should be able to login successfully"): Then he should be able to login successfully

2022-04-07 16:56:18 - [MESSAGE][INFO] - Then he should be able to login successfully

2022-04-07 16:56:18 - [TEST_STEP][PASSED] - landingPage = verifyElementPresent(findTestObject("Page_CuraAppointment/div_Appointment"), G_Timeout): Object 'Object Repository/Page_CuraAppointment/div_Appointment' is present

2022-04-07 16:56:18 - [MESSAGE][PASSED] - Object 'Object Repository/Page_CuraAppointment/div_Appointment' is present

2022-04-07 16:56:18 - [TEST_STEP][PASSED] - closeBrowser(): Browser is closed

2022-04-07 16:56:19 - [MESSAGE][PASSED] - Browser is closed

2022-04-07 16:56:19 - [TEST_STEP][PASSED] - Start listener action : terminateRunningWebDrivers: null

2022-04-07 16:56:19 - [TEST_STEP][PASSED] - cleanup(): null

2022-04-07 16:56:21 - [TEST_STEP][PASSED] - Video: Video recording for test case 'Test Cases/Main Test Cases/TC1_Verify Successful Login_With TestOps Vision' .

2022-04-07 16:56:21 - [MESSAGE][INFO] - Video recording for test case 'Test Cases/Main Test Cases/TC1_Verify Successful Login_With TestOps Vision' .]]></system-out>
         <system-err><![CDATA[]]></system-err>
      </testcase>
      <testcase name="Test Cases/Main Test Cases/TC2_Verify Successful Appointment_With TestOps Vision" time="30.729" classname="Test Cases/Main Test Cases/TC2_Verify Successful Appointment_With TestOps Vision" status="PASSED">
         <system-out><![CDATA[2022-04-07 16:56:21 - [TEST_CASE][PASSED] - Test Cases/Main Test Cases/TC2_Verify Successful Appointment_With TestOps Vision: Test Cases/Main Test Cases/TC2_Verify Successful Appointment_With TestOps Vision

2022-04-07 16:56:22 - [TEST_STEP][PASSED] - comment("Story: Book an appointment"): Story: Book an appointment

2022-04-07 16:56:22 - [MESSAGE][INFO] - Story: Book an appointment

2022-04-07 16:56:22 - [TEST_STEP][PASSED] - comment("Given that the user has logged into their account"): Given that the user has logged into their account

2022-04-07 16:56:22 - [MESSAGE][INFO] - Given that the user has logged into their account

2022-04-07 16:56:22 - [TEST_STEP][PASSED] - openBrowser(G_SiteURL): Browser is opened with url: 'http://demoaut.katalon.com'

2022-04-07 16:56:22 - [MESSAGE][INFO] - Starting 'Firefox' driver

2022-04-07 16:56:22 - [MESSAGE][INFO] - Action delay is set to 0 milliseconds

2022-04-07 16:56:31 - [MESSAGE][PASSED] - Browser is opened with url: 'http://demoaut.katalon.com'

2022-04-07 16:56:31 - [TEST_STEP][PASSED] - maximizeWindow(): Current window maximized

2022-04-07 16:56:32 - [MESSAGE][PASSED] - Current window maximized

2022-04-07 16:56:32 - [TEST_STEP][PASSED] - callTestCase(findTestCase("Common Test Cases/Login"), ["Username":"John Doe", "Password":"ThisIsNotAPassword"], STOP_ON_FAILURE): Call Test Case 'Test Cases/Common Test Cases/Login' successfully

2022-04-07 16:56:32 - [TEST_CASE][PASSED] - Test Cases/Common Test Cases/Login: Test Cases/Common Test Cases/Login

2022-04-07 16:56:32 - [TEST_STEP][PASSED] - click(findTestObject("Page_CuraHomepage/btn_MakeAppointment")): Object: 'Object Repository/Page_CuraHomepage/btn_MakeAppointment' is clicked on

2022-04-07 16:56:33 - [MESSAGE][PASSED] - Object: 'Object Repository/Page_CuraHomepage/btn_MakeAppointment' is clicked on

2022-04-07 16:56:33 - [TEST_STEP][PASSED] - setText(findTestObject("Page_Login/txt_UserName"), Username): Text 'John Doe' is set on object 'Object Repository/Page_Login/txt_UserName'

2022-04-07 16:56:33 - [MESSAGE][PASSED] - Text 'John Doe' is set on object 'Object Repository/Page_Login/txt_UserName'

2022-04-07 16:56:33 - [TEST_STEP][PASSED] - setText(findTestObject("Page_Login/txt_Password"), Password): Text 'ThisIsNotAPassword' is set on object 'Object Repository/Page_Login/txt_Password'

2022-04-07 16:56:34 - [MESSAGE][PASSED] - Text 'ThisIsNotAPassword' is set on object 'Object Repository/Page_Login/txt_Password'

2022-04-07 16:56:34 - [TEST_STEP][PASSED] - click(findTestObject("Page_Login/btn_Login")): Object: 'Object Repository/Page_Login/btn_Login' is clicked on

2022-04-07 16:56:35 - [MESSAGE][PASSED] - Object: 'Object Repository/Page_Login/btn_Login' is clicked on

2022-04-07 16:56:35 - [TEST_STEP][PASSED] - landingPage = verifyElementPresent(findTestObject("Page_CuraAppointment/div_Appointment"), G_Timeout): Object 'Object Repository/Page_CuraAppointment/div_Appointment' is present

2022-04-07 16:56:36 - [MESSAGE][PASSED] - Object 'Object Repository/Page_CuraAppointment/div_Appointment' is present

2022-04-07 16:56:36 - [MESSAGE][PASSED] - Call Test Case 'Test Cases/Common Test Cases/Login' successfully

2022-04-07 16:56:36 - [TEST_STEP][PASSED] - comment("And Appointment page is displayed"): And Appointment page is displayed

2022-04-07 16:56:36 - [MESSAGE][INFO] - And Appointment page is displayed

2022-04-07 16:56:36 - [TEST_STEP][PASSED] - takeElementScreenshotAsCheckpoint("Appointment Dialog Origin", AppointmentDialogObject): Taking screenshot successfully

2022-04-07 16:56:36 - [MESSAGE][WARNING] - Timeout '0' is invalid. Using default page load timeout: '30'

2022-04-07 16:56:36 - [MESSAGE][INFO] - 0 hidden object(s)

2022-04-07 16:56:36 - [MESSAGE][PASSED] - Taking screenshot successfully
[[ATTACHMENT|keyes/keyes-Appointment Dialog Origin.png]]

2022-04-07 16:56:36 - [TEST_STEP][PASSED] - selectOptionByLabel(findTestObject("Page_CuraAppointment/lst_Facility"), "Hongkong CURA Healthcare Center", false): All options with label 'Hongkong CURA Healthcare Center' are selected in object 'Object Repository/Page_CuraAppointment/lst_Facility' 

2022-04-07 16:56:37 - [MESSAGE][PASSED] - All options with label 'Hongkong CURA Healthcare Center' are selected in object 'Object Repository/Page_CuraAppointment/lst_Facility' 

2022-04-07 16:56:37 - [TEST_STEP][PASSED] - takeElementScreenshotAsCheckpoint("Facilty", FacilityObject): Taking screenshot successfully

2022-04-07 16:56:37 - [MESSAGE][WARNING] - Timeout '0' is invalid. Using default page load timeout: '30'

2022-04-07 16:56:37 - [MESSAGE][INFO] - 0 hidden object(s)

2022-04-07 16:56:37 - [MESSAGE][PASSED] - Taking screenshot successfully
[[ATTACHMENT|keyes/keyes-Facilty.png]]

2022-04-07 16:56:37 - [TEST_STEP][PASSED] - check(findTestObject("Page_CuraAppointment/chk_Medicaid")): Object 'Object Repository/Page_CuraAppointment/chk_Medicaid' is checked

2022-04-07 16:56:38 - [MESSAGE][PASSED] - Object 'Object Repository/Page_CuraAppointment/chk_Medicaid' is checked

2022-04-07 16:56:38 - [TEST_STEP][PASSED] - takeElementScreenshotAsCheckpoint("Medicare", MedicareChoicesObject): Taking screenshot successfully

2022-04-07 16:56:38 - [MESSAGE][WARNING] - Timeout '0' is invalid. Using default page load timeout: '30'

2022-04-07 16:56:38 - [MESSAGE][INFO] - 0 hidden object(s)

2022-04-07 16:56:38 - [MESSAGE][PASSED] - Taking screenshot successfully
[[ATTACHMENT|keyes/keyes-Medicare.png]]

2022-04-07 16:56:38 - [TEST_STEP][PASSED] - check(findTestObject("Page_CuraAppointment/chk_Readmission")): Object 'Object Repository/Page_CuraAppointment/chk_Readmission' is checked

2022-04-07 16:56:39 - [MESSAGE][PASSED] - Object 'Object Repository/Page_CuraAppointment/chk_Readmission' is checked

2022-04-07 16:56:39 - [TEST_STEP][PASSED] - setText(findTestObject("Page_CuraAppointment/txt_VisitDate"), "27/12/2016"): Text '27/12/2016' is set on object 'Object Repository/Page_CuraAppointment/txt_VisitDate'

2022-04-07 16:56:40 - [MESSAGE][PASSED] - Text '27/12/2016' is set on object 'Object Repository/Page_CuraAppointment/txt_VisitDate'

2022-04-07 16:56:40 - [TEST_STEP][PASSED] - click(CommentLabelObject): Object: 'Object Repository/Vision_Common/Comment_Label' is clicked on

2022-04-07 16:56:40 - [MESSAGE][PASSED] - Object: 'Object Repository/Vision_Common/Comment_Label' is clicked on

2022-04-07 16:56:40 - [TEST_STEP][PASSED] - takeElementScreenshotAsCheckpoint("Visit Date", DateObject): Taking screenshot successfully

2022-04-07 16:56:40 - [MESSAGE][WARNING] - Timeout '0' is invalid. Using default page load timeout: '30'

2022-04-07 16:56:41 - [MESSAGE][INFO] - 0 hidden object(s)

2022-04-07 16:56:41 - [MESSAGE][PASSED] - Taking screenshot successfully
[[ATTACHMENT|keyes/keyes-Visit Date.png]]

2022-04-07 16:56:41 - [TEST_STEP][PASSED] - setText(findTestObject("Page_CuraAppointment/txt_Comment"), "Please make appointment as soon as possible."): Text 'Please make appointment as soon as possible.' is set on object 'Object Repository/Page_CuraAppointment/txt_Comment'

2022-04-07 16:56:41 - [MESSAGE][PASSED] - Text 'Please make appointment as soon as possible.' is set on object 'Object Repository/Page_CuraAppointment/txt_Comment'

2022-04-07 16:56:41 - [TEST_STEP][PASSED] - comment("When he fills in valid information in Appointment page"): When he fills in valid information in Appointment page

2022-04-07 16:56:41 - [MESSAGE][INFO] - When he fills in valid information in Appointment page

2022-04-07 16:56:41 - [TEST_STEP][PASSED] - takeElementScreenshotAsCheckpoint("Appointment Dialog With Data", AppointmentDialogObject): Taking screenshot successfully

2022-04-07 16:56:41 - [MESSAGE][WARNING] - Timeout '0' is invalid. Using default page load timeout: '30'

2022-04-07 16:56:42 - [MESSAGE][INFO] - 0 hidden object(s)

2022-04-07 16:56:42 - [MESSAGE][PASSED] - Taking screenshot successfully
[[ATTACHMENT|keyes/keyes-Appointment Dialog With Data.png]]

2022-04-07 16:56:42 - [TEST_STEP][PASSED] - click(findTestObject("Page_CuraAppointment/btn_BookAppointment")): Object: 'Object Repository/Page_CuraAppointment/btn_BookAppointment' is clicked on

2022-04-07 16:56:43 - [MESSAGE][PASSED] - Object: 'Object Repository/Page_CuraAppointment/btn_BookAppointment' is clicked on

2022-04-07 16:56:43 - [TEST_STEP][PASSED] - takeFullPageScreenshotAsCheckpoint("Review Appoitment"): Taking screenshot successfully

2022-04-07 16:56:46 - [MESSAGE][INFO] - 0 hidden object(s)

2022-04-07 16:56:47 - [MESSAGE][PASSED] - Taking screenshot successfully
[[ATTACHMENT|keyes/keyes-Review Appoitment.png]]

2022-04-07 16:56:47 - [TEST_STEP][PASSED] - verifyTextPresent("Appointment Confirmation", false): Text 'Appointment Confirmation' is present on page 

2022-04-07 16:56:48 - [MESSAGE][PASSED] - Text 'Appointment Confirmation' is present on page 

2022-04-07 16:56:48 - [TEST_STEP][PASSED] - comment("Then he should be able to book a new appointment"): Then he should be able to book a new appointment

2022-04-07 16:56:48 - [MESSAGE][INFO] - Then he should be able to book a new appointment

2022-04-07 16:56:48 - [TEST_STEP][PASSED] - verifyMatch("Hongkong CURA Healthcare Center", getText(findTestObject("Page_AppointmentConfirmation/lbl_Facility")), false): Actual text 'Hongkong CURA Healthcare Center' and expected text 'Hongkong CURA Healthcare Center' are matched 

2022-04-07 16:56:48 - [MESSAGE][PASSED] - Text of object 'Object Repository/Page_AppointmentConfirmation/lbl_Facility' is: 'Hongkong CURA Healthcare Center'

2022-04-07 16:56:48 - [MESSAGE][PASSED] - Actual text 'Hongkong CURA Healthcare Center' and expected text 'Hongkong CURA Healthcare Center' are matched 

2022-04-07 16:56:48 - [TEST_STEP][PASSED] - verifyMatch("Yes", getText(findTestObject("Page_AppointmentConfirmation/lbl_HospitalReadmission")), false): Actual text 'Yes' and expected text 'Yes' are matched 

2022-04-07 16:56:48 - [MESSAGE][PASSED] - Text of object 'Object Repository/Page_AppointmentConfirmation/lbl_HospitalReadmission' is: 'Yes'

2022-04-07 16:56:48 - [MESSAGE][PASSED] - Actual text 'Yes' and expected text 'Yes' are matched 

2022-04-07 16:56:48 - [TEST_STEP][PASSED] - verifyMatch("Medicaid", getText(findTestObject("Page_AppointmentConfirmation/lbl_Program")), false): Actual text 'Medicaid' and expected text 'Medicaid' are matched 

2022-04-07 16:56:49 - [MESSAGE][PASSED] - Text of object 'Object Repository/Page_AppointmentConfirmation/lbl_Program' is: 'Medicaid'

2022-04-07 16:56:49 - [MESSAGE][PASSED] - Actual text 'Medicaid' and expected text 'Medicaid' are matched 

2022-04-07 16:56:49 - [TEST_STEP][PASSED] - verifyMatch("27/12/2016", getText(findTestObject("Page_AppointmentConfirmation/lbl_VisitDate")), false): Actual text '27/12/2016' and expected text '27/12/2016' are matched 

2022-04-07 16:56:49 - [MESSAGE][PASSED] - Text of object 'Object Repository/Page_AppointmentConfirmation/lbl_VisitDate' is: '27/12/2016'

2022-04-07 16:56:49 - [MESSAGE][PASSED] - Actual text '27/12/2016' and expected text '27/12/2016' are matched 

2022-04-07 16:56:49 - [TEST_STEP][PASSED] - verifyMatch("Please make appointment as soon as possible.", getText(findTestObject("Page_AppointmentConfirmation/lbl_Comment")), false): Actual text 'Please make appointment as soon as possible.' and expected text 'Please make appointment as soon as possible.' are matched 

2022-04-07 16:56:49 - [MESSAGE][PASSED] - Text of object 'Object Repository/Page_AppointmentConfirmation/lbl_Comment' is: 'Please make appointment as soon as possible.'

2022-04-07 16:56:49 - [MESSAGE][PASSED] - Actual text 'Please make appointment as soon as possible.' and expected text 'Please make appointment as soon as possible.' are matched 

2022-04-07 16:56:49 - [TEST_STEP][PASSED] - closeBrowser(): Browser is closed

2022-04-07 16:56:50 - [MESSAGE][PASSED] - Browser is closed

2022-04-07 16:56:50 - [TEST_STEP][PASSED] - Start listener action : terminateRunningWebDrivers: null

2022-04-07 16:56:50 - [TEST_STEP][PASSED] - cleanup(): null

2022-04-07 16:56:52 - [TEST_STEP][PASSED] - Video: Video recording for test case 'Test Cases/Main Test Cases/TC2_Verify Successful Appointment_With TestOps Vision' .

2022-04-07 16:56:52 - [MESSAGE][INFO] - Video recording for test case 'Test Cases/Main Test Cases/TC2_Verify Successful Appointment_With TestOps Vision' .]]></system-out>
         <system-err><![CDATA[]]></system-err>
      </testcase>
      <system-out><![CDATA[2022-04-07 16:56:00 - [TEST_SUITE][PASSED] - TS_RegressionTest_With TestOps Vision: Test Cases/Main Test Cases/TC2_Verify Successful Appointment_With TestOps Vision]]></system-out>
      <system-err><![CDATA[]]></system-err>
   </testsuite>
</testsuites>
